2022-07-16 14:53:59 INFO  BaseClass:36 - Click on Find Friend....
  2022-07-16 14:53:59 INFO  BaseClass:56 - Closing Browser....
  2022-07-16 14:54:11 INFO  BaseClass:42 - Click on Add Friend....
  2022-07-16 14:54:14 INFO  BaseClass:56 - Closing Browser....
  2022-07-16 14:54:27 INFO  BaseClass:49 - Click on Confirm Friend....
  2022-07-16 14:54:30 INFO  BaseClass:56 - Closing Browser....
  2022-07-16 15:01:54 INFO  BaseClass:42 - Lunching Chrome Browser....
  2022-07-16 15:01:55 INFO  BaseClass:51 - Maximizing Browser....
  2022-07-16 15:01:57 INFO  BaseClass:56 - Opening Application URL....
  2022-07-16 15:02:05 INFO  BaseClass:69 - Closing Browser....
  2022-07-16 15:02:06 INFO  BaseClass:42 - Lunching Chrome Browser....
  2022-07-16 15:02:06 INFO  BaseClass:51 - Maximizing Browser....
  2022-07-16 15:02:08 INFO  BaseClass:56 - Opening Application URL....
  2022-07-16 15:02:17 INFO  BaseClass:69 - Closing Browser....
  2022-07-16 15:02:18 INFO  BaseClass:42 - Lunching Chrome Browser....
  2022-07-16 15:02:18 INFO  BaseClass:51 - Maximizing Browser....
  2022-07-16 15:02:20 INFO  BaseClass:56 - Opening Application URL....
  2022-07-16 15:02:23 INFO  BaseClass:69 - Closing Browser....
  2022-07-16 15:02:24 INFO  BaseClass:42 - Lunching Chrome Browser....
  2022-07-16 15:02:24 INFO  BaseClass:51 - Maximizing Browser....
  2022-07-16 15:02:26 INFO  BaseClass:56 - Opening Application URL....
  2022-07-16 15:02:36 INFO  BaseClass:69 - Closing Browser....
  2022-07-16 15:02:37 INFO  BaseClass:42 - Lunching Chrome Browser....
  2022-07-16 15:02:37 INFO  BaseClass:51 - Maximizing Browser....
  2022-07-16 15:02:39 INFO  BaseClass:56 - Opening Application URL....
  2022-07-16 15:02:52 INFO  BaseClass:69 - Closing Browser....
  2022-07-16 15:21:35 INFO  BaseClass:42 - Lunching Chrome Browser....
  2022-07-16 15:21:36 INFO  BaseClass:51 - Maximizing Browser....
  2022-07-16 15:21:38 INFO  BaseClass:56 - Opening Application URL....
  2022-07-16 15:21:38 INFO  BaseClass:40 - ***********************Starting Test Case***************************
  2022-07-16 15:21:38 INFO  BaseClass:41 - **********************verifyClickOnProfile****************************
  2022-07-16 15:21:48 INFO  BaseClass:44 - ***********************Ending Test Case***************************
  2022-07-16 15:21:48 INFO  BaseClass:45 - **********************verifyClickOnProfile****************************
  2022-07-16 15:21:48 INFO  BaseClass:73 - Closing Browser....
  2022-07-16 15:24:17 INFO  BaseClass:42 - Lunching Chrome Browser....
  2022-07-16 15:24:17 INFO  BaseClass:51 - Maximizing Browser....
  2022-07-16 15:24:19 INFO  BaseClass:56 - Opening Application URL....
  2022-07-16 15:24:20 INFO  BaseClass:29 - ************Login the Application**********************
  2022-07-16 15:24:20 INFO  BaseClass:41 - ***********************Starting Test Case***************************
  2022-07-16 15:24:20 INFO  BaseClass:42 - **********************verifyClickOnProfile****************************
  2022-07-16 15:24:28 INFO  BaseClass:45 - ***********************Ending Test Case***************************
  2022-07-16 15:24:28 INFO  BaseClass:46 - **********************verifyClickOnProfile****************************
  2022-07-16 15:24:28 INFO  BaseClass:74 - Closing Browser....
  2022-07-16 15:26:09 INFO  BaseClass:42 - Lunching Chrome Browser....
  2022-07-16 15:26:09 INFO  BaseClass:51 - Maximizing Browser....
  2022-07-16 15:26:12 INFO  BaseClass:56 - Opening Application URL....
  2022-07-16 15:26:12 INFO  BaseClass:29 - ************Login the Application**********************
  2022-07-16 15:26:12 INFO  BaseClass:41 - *Starting Test Case*
  2022-07-16 15:26:12 INFO  BaseClass:42 - *verifyClickOnProfile*
  2022-07-16 15:26:21 INFO  BaseClass:45 - *Ending Test Case*
  2022-07-16 15:26:21 INFO  BaseClass:46 - *verifyClickOnProfile*
  2022-07-16 15:26:21 INFO  BaseClass:74 - Closing Browser....
  2022-07-16 15:31:36 INFO  BaseClass:42 - Lunching Chrome Browser....
  2022-07-16 15:31:37 INFO  BaseClass:51 - Maximizing Browser....
  2022-07-16 15:31:40 INFO  BaseClass:56 - Opening Application URL....
  2022-07-16 15:31:40 INFO  BaseClass:29 - ************Login the Application**********************
  2022-07-16 15:31:49 INFO  BaseClass:74 - Closing Browser....
  2022-07-16 15:35:26 INFO  BaseClass:42 - Lunching Chrome Browser....
  2022-07-16 15:35:26 INFO  BaseClass:51 - Maximizing Browser....
  2022-07-16 15:35:30 INFO  BaseClass:56 - Opening Application URL....
  2022-07-16 15:35:30 INFO  BaseClass:29 - ************Login the Application**********************
  2022-07-16 15:35:37 INFO  BaseClass:82 - Closing Browser....
  2022-07-16 15:35:38 INFO  BaseClass:42 - Lunching Chrome Browser....
  2022-07-16 15:35:38 INFO  BaseClass:51 - Maximizing Browser....
  2022-07-16 15:35:40 INFO  BaseClass:56 - Opening Application URL....
  2022-07-16 15:35:40 INFO  BaseClass:29 - ************Login the Application**********************
  2022-07-16 15:35:40 INFO  BaseClass:41 - *Starting Test Case*
  2022-07-16 15:35:40 INFO  BaseClass:42 - *verifyClickOnProfile*
  2022-07-16 15:35:47 INFO  BaseClass:45 - *Ending Test Case*
  2022-07-16 15:35:47 INFO  BaseClass:46 - *verifyClickOnProfile*
  2022-07-16 15:35:48 INFO  BaseClass:82 - Closing Browser....
  2022-07-16 15:35:49 INFO  BaseClass:42 - Lunching Chrome Browser....
  2022-07-16 15:35:49 INFO  BaseClass:51 - Maximizing Browser....
  2022-07-16 15:35:51 INFO  BaseClass:56 - Opening Application URL....
  2022-07-16 15:35:51 INFO  BaseClass:29 - ************Login the Application**********************
  2022-07-16 15:35:51 INFO  BaseClass:52 - *Starting Test Case*
  2022-07-16 15:35:51 INFO  BaseClass:53 - *verifyClickOnFriends*
  2022-07-16 15:36:01 INFO  BaseClass:56 - *Ending Test Case*
  2022-07-16 15:36:01 INFO  BaseClass:57 - *verifyClickOnFriends*
  2022-07-16 15:36:01 INFO  BaseClass:82 - Closing Browser....
  2022-07-16 15:36:02 INFO  BaseClass:42 - Lunching Chrome Browser....
  2022-07-16 15:36:02 INFO  BaseClass:51 - Maximizing Browser....
  2022-07-16 15:36:04 INFO  BaseClass:56 - Opening Application URL....
  2022-07-16 15:36:05 INFO  BaseClass:29 - ************Login the Application**********************
  2022-07-16 15:36:14 INFO  BaseClass:63 - *verifyHomePage*
  2022-07-16 15:36:14 INFO  BaseClass:82 - Closing Browser....
  2022-07-16 15:36:15 INFO  BaseClass:42 - Lunching Chrome Browser....
  2022-07-16 15:36:15 INFO  BaseClass:51 - Maximizing Browser....
  2022-07-16 15:36:17 INFO  BaseClass:56 - Opening Application URL....
  2022-07-16 15:36:18 INFO  BaseClass:29 - ************Login the Application**********************
  2022-07-16 15:36:18 INFO  BaseClass:69 - *Starting Test Case*
  2022-07-16 15:36:18 INFO  BaseClass:70 - *verifyClickOnLogout*
  2022-07-16 15:36:29 INFO  BaseClass:73 - *Ending Test Case*
  2022-07-16 15:36:30 INFO  BaseClass:82 - Closing Browser....
  2022-07-16 15:38:49 INFO  BaseClass:42 - Lunching Chrome Browser....
  2022-07-16 15:38:49 INFO  BaseClass:51 - Maximizing Browser....
  2022-07-16 15:38:53 INFO  BaseClass:56 - Opening Application URL....
  2022-07-16 15:38:53 INFO  BaseClass:29 - ************Login the Application**********************
  2022-07-16 15:38:58 INFO  BaseClass:84 - Closing Browser....
  2022-07-16 15:39:50 INFO  BaseClass:42 - Lunching Chrome Browser....
  2022-07-16 15:39:50 INFO  BaseClass:51 - Maximizing Browser....
  2022-07-16 15:39:53 INFO  BaseClass:56 - Opening Application URL....
  2022-07-16 15:39:53 INFO  BaseClass:29 - ************Login the Application**********************
  2022-07-16 15:39:59 INFO  BaseClass:85 - Closing Browser....
  2022-07-16 15:41:19 INFO  BaseClass:42 - Lunching Chrome Browser....
  2022-07-16 15:41:20 INFO  BaseClass:51 - Maximizing Browser....
  2022-07-16 15:41:22 INFO  BaseClass:56 - Opening Application URL....
  2022-07-16 15:41:23 INFO  BaseClass:29 - ************Login the Application**********************
  2022-07-16 15:41:23 INFO  BaseClass:34 - Opening Home Page
  2022-07-16 15:41:29 INFO  BaseClass:86 - Closing Browser....
  2022-07-16 15:44:20 INFO  BaseClass:42 - Lunching Chrome Browser....
  2022-07-16 15:44:20 INFO  BaseClass:51 - Maximizing Browser....
  2022-07-16 15:44:23 INFO  BaseClass:56 - Opening Application URL....
  2022-07-16 15:44:23 INFO  BaseClass:29 - ************Login the Application**********************
  2022-07-16 15:44:23 INFO  BaseClass:30 - Open Home Page
  2022-07-16 15:44:23 INFO  BaseClass:35 - Opening Home Page
  2022-07-16 15:44:29 INFO  BaseClass:87 - Closing Browser....
  2022-07-16 15:45:32 INFO  BaseClass:42 - Lunching Chrome Browser....
  2022-07-16 15:45:32 INFO  BaseClass:51 - Maximizing Browser....
  2022-07-16 15:45:34 INFO  BaseClass:56 - Opening Application URL....
  2022-07-16 15:45:35 INFO  BaseClass:29 - ************Login the Application**********************
  2022-07-16 15:45:35 INFO  BaseClass:30 - Open Home Page
  2022-07-16 15:45:35 INFO  BaseClass:35 - Opening Home Page
  2022-07-16 15:45:41 INFO  BaseClass:87 - Closing Browser....
  2022-07-16 19:21:41 INFO  BaseClass:42 - Lunching Chrome Browser....
  2022-07-16 19:21:41 INFO  BaseClass:51 - Maximizing Browser....
  2022-07-16 19:21:42 INFO  BaseClass:56 - Opening Application URL....
  2022-07-16 19:22:01 INFO  BaseClass:42 - Lunching Chrome Browser....
  2022-07-16 19:22:01 INFO  BaseClass:51 - Maximizing Browser....
  2022-07-16 19:22:03 INFO  BaseClass:56 - Opening Application URL....
  2022-07-16 19:25:13 INFO  BaseClass:42 - Lunching Chrome Browser....
  2022-07-16 19:25:13 INFO  BaseClass:51 - Maximizing Browser....
  2022-07-16 19:25:15 INFO  BaseClass:56 - Opening Application URL....
  2022-07-16 19:26:32 INFO  BaseClass:42 - Lunching Chrome Browser....
  2022-07-16 19:26:32 INFO  BaseClass:51 - Maximizing Browser....
  2022-07-16 19:26:33 INFO  BaseClass:56 - Opening Application URL....
  2022-07-16 19:26:44 INFO  BaseClass:42 - Lunching Chrome Browser....
  2022-07-16 19:26:44 INFO  BaseClass:51 - Maximizing Browser....
  2022-07-16 19:26:46 INFO  BaseClass:56 - Opening Application URL....
  2022-07-16 19:32:41 INFO  BaseClass:42 - Lunching Chrome Browser....
  2022-07-16 19:32:41 INFO  BaseClass:51 - Maximizing Browser....
  2022-07-16 19:32:43 INFO  BaseClass:56 - Opening Application URL....
  2022-07-16 19:36:22 INFO  BaseClass:42 - Lunching Chrome Browser....
  2022-07-16 19:36:22 INFO  BaseClass:51 - Maximizing Browser....
  2022-07-16 19:36:31 INFO  BaseClass:56 - Opening Application URL....
  2022-07-16 19:36:32 INFO  BaseClass:42 - Lunching Chrome Browser....
  2022-07-16 19:36:32 INFO  BaseClass:51 - Maximizing Browser....
  2022-07-16 19:36:34 INFO  BaseClass:56 - Opening Application URL....
  2022-07-16 19:53:18 INFO  BaseClass:42 - Lunching Chrome Browser....
  2022-07-16 19:53:18 INFO  BaseClass:51 - Maximizing Browser....
  2022-07-16 19:53:19 INFO  BaseClass:56 - Opening Application URL....
  2022-07-16 19:53:20 INFO  BaseClass:42 - Lunching Chrome Browser....
  2022-07-16 19:53:20 INFO  BaseClass:51 - Maximizing Browser....
  2022-07-16 19:53:22 INFO  BaseClass:56 - Opening Application URL....
  2022-07-16 19:53:23 INFO  BaseClass:42 - Lunching Chrome Browser....
  2022-07-16 19:53:23 INFO  BaseClass:51 - Maximizing Browser....
  2022-07-16 19:53:25 INFO  BaseClass:56 - Opening Application URL....
  2022-07-16 20:27:41 INFO  BaseClass:42 - Lunching Chrome Browser....
  2022-07-16 20:27:41 INFO  BaseClass:51 - Maximizing Browser....
  2022-07-16 20:27:43 INFO  BaseClass:56 - Opening Application URL....
  2022-07-16 20:27:44 INFO  BaseClass:37 - ************Login the Application**********************
  2022-07-16 20:27:44 INFO  BaseClass:38 - Open Home Page
  2022-07-16 20:27:44 INFO  BaseClass:43 - Opening Home Page
  2022-07-16 20:27:58 INFO  BaseClass:42 - Lunching Chrome Browser....
  2022-07-16 20:27:58 INFO  BaseClass:51 - Maximizing Browser....
  2022-07-16 20:28:00 INFO  BaseClass:56 - Opening Application URL....
  2022-07-16 20:28:00 INFO  BaseClass:37 - ************Login the Application**********************
  2022-07-16 20:28:00 INFO  BaseClass:38 - Open Home Page
  2022-07-16 20:28:07 INFO  BaseClass:42 - Lunching Chrome Browser....
  2022-07-16 20:28:07 INFO  BaseClass:51 - Maximizing Browser....
  2022-07-16 20:28:09 INFO  BaseClass:56 - Opening Application URL....
  2022-07-16 20:28:10 INFO  BaseClass:37 - ************Login the Application**********************
  2022-07-16 20:28:10 INFO  BaseClass:38 - Open Home Page
  2022-07-16 20:28:27 INFO  BaseClass:42 - Lunching Chrome Browser....
  2022-07-16 20:28:28 INFO  BaseClass:51 - Maximizing Browser....
  2022-07-16 20:28:29 INFO  BaseClass:56 - Opening Application URL....
  2022-07-16 20:28:30 INFO  BaseClass:37 - ************Login the Application**********************
  2022-07-16 20:28:30 INFO  BaseClass:38 - Open Home Page
  2022-07-16 20:28:39 INFO  BaseClass:42 - Lunching Chrome Browser....
  2022-07-16 20:28:39 INFO  BaseClass:51 - Maximizing Browser....
  2022-07-16 20:28:40 INFO  BaseClass:56 - Opening Application URL....
  2022-07-16 20:28:41 INFO  BaseClass:37 - ************Login the Application**********************
  2022-07-16 20:28:41 INFO  BaseClass:38 - Open Home Page
  2022-07-16 20:28:56 INFO  BaseClass:42 - Lunching Chrome Browser....
  2022-07-16 20:28:56 INFO  BaseClass:51 - Maximizing Browser....
  2022-07-16 20:28:58 INFO  BaseClass:56 - Opening Application URL....
  2022-07-16 20:28:58 INFO  BaseClass:37 - ************Login the Application**********************
  2022-07-16 20:28:58 INFO  BaseClass:38 - Open Home Page
  2022-07-16 20:29:05 INFO  BaseClass:42 - Lunching Chrome Browser....
  2022-07-16 20:29:05 INFO  BaseClass:51 - Maximizing Browser....
  2022-07-16 20:29:07 INFO  BaseClass:56 - Opening Application URL....
  2022-07-16 20:29:07 INFO  BaseClass:37 - ************Login the Application**********************
  2022-07-16 20:29:07 INFO  BaseClass:38 - Open Home Page
  2022-07-16 20:29:13 INFO  BaseClass:42 - Lunching Chrome Browser....
  2022-07-16 20:29:14 INFO  BaseClass:51 - Maximizing Browser....
  2022-07-16 20:29:15 INFO  BaseClass:56 - Opening Application URL....
  2022-07-16 20:29:15 INFO  BaseClass:37 - ************Login the Application**********************
  2022-07-16 20:29:15 INFO  BaseClass:38 - Open Home Page
  2022-07-16 21:02:06 INFO  BaseClass:42 - Lunching Chrome Browser....
  2022-07-16 21:02:06 INFO  BaseClass:51 - Maximizing Browser....
  2022-07-16 21:02:07 INFO  BaseClass:56 - Opening Application URL....
  2022-07-16 21:02:14 INFO  BaseClass:75 - Closing Browser....
  2022-07-16 21:02:15 INFO  BaseClass:42 - Lunching Chrome Browser....
  2022-07-16 21:02:15 INFO  BaseClass:51 - Maximizing Browser....
  2022-07-16 21:02:17 INFO  BaseClass:56 - Opening Application URL....
  2022-07-16 21:02:23 INFO  BaseClass:75 - Closing Browser....
  2022-07-16 21:02:24 INFO  BaseClass:42 - Lunching Chrome Browser....
  2022-07-16 21:02:24 INFO  BaseClass:51 - Maximizing Browser....
  2022-07-16 21:02:26 INFO  BaseClass:56 - Opening Application URL....
  2022-07-16 21:02:53 INFO  BaseClass:75 - Closing Browser....
  2022-07-16 21:02:53 INFO  BaseClass:42 - Lunching Chrome Browser....
  2022-07-16 21:02:54 INFO  BaseClass:51 - Maximizing Browser....
  2022-07-16 21:02:55 INFO  BaseClass:56 - Opening Application URL....
  2022-07-16 21:03:23 INFO  BaseClass:75 - Closing Browser....
  2022-07-16 21:03:23 INFO  BaseClass:42 - Lunching Chrome Browser....
  2022-07-16 21:03:24 INFO  BaseClass:51 - Maximizing Browser....
  2022-07-16 21:03:25 INFO  BaseClass:56 - Opening Application URL....
  2022-07-16 21:03:51 INFO  BaseClass:75 - Closing Browser....
  2022-07-16 21:03:51 INFO  BaseClass:42 - Lunching Chrome Browser....
  2022-07-16 21:03:52 INFO  BaseClass:51 - Maximizing Browser....
  2022-07-16 21:03:53 INFO  BaseClass:56 - Opening Application URL....
  2022-07-16 21:04:00 INFO  BaseClass:61 - Click on Add Friend....
  2022-07-16 21:04:03 INFO  BaseClass:75 - Closing Browser....
  2022-07-16 21:04:04 INFO  BaseClass:42 - Lunching Chrome Browser....
  2022-07-16 21:04:04 INFO  BaseClass:51 - Maximizing Browser....
  2022-07-16 21:04:05 INFO  BaseClass:56 - Opening Application URL....
  2022-07-16 21:04:12 INFO  BaseClass:68 - Click on Confirm Friend....
  2022-07-16 21:04:16 INFO  BaseClass:75 - Closing Browser....
  2022-07-16 21:10:49 INFO  BaseClass:42 - Lunching Chrome Browser....
  2022-07-16 21:10:49 INFO  BaseClass:51 - Maximizing Browser....
  2022-07-16 21:10:51 INFO  BaseClass:56 - Opening Application URL....
  2022-07-16 21:11:11 INFO  BaseClass:75 - Closing Browser....
  2022-07-16 21:14:51 INFO  BaseClass:42 - Lunching Chrome Browser....
  2022-07-16 21:14:51 INFO  BaseClass:51 - Maximizing Browser....
  2022-07-16 21:14:59 INFO  BaseClass:56 - Opening Application URL....
  2022-07-16 21:15:07 INFO  BaseClass:76 - Closing Browser....
  2022-07-16 21:15:23 INFO  BaseClass:42 - Lunching Chrome Browser....
  2022-07-16 21:15:23 INFO  BaseClass:51 - Maximizing Browser....
  2022-07-16 21:15:24 INFO  BaseClass:56 - Opening Application URL....
  2022-07-16 21:15:32 INFO  BaseClass:76 - Closing Browser....
  2022-07-16 21:15:33 INFO  BaseClass:42 - Lunching Chrome Browser....
  2022-07-16 21:15:33 INFO  BaseClass:51 - Maximizing Browser....
  2022-07-16 21:15:34 INFO  BaseClass:56 - Opening Application URL....
  2022-07-16 21:15:41 INFO  BaseClass:76 - Closing Browser....
  2022-07-16 21:15:42 INFO  BaseClass:42 - Lunching Chrome Browser....
  2022-07-16 21:15:42 INFO  BaseClass:51 - Maximizing Browser....
  2022-07-16 21:15:44 INFO  BaseClass:56 - Opening Application URL....
  2022-07-16 21:15:52 INFO  BaseClass:76 - Closing Browser....
  2022-07-16 21:15:53 INFO  BaseClass:42 - Lunching Chrome Browser....
  2022-07-16 21:15:53 INFO  BaseClass:51 - Maximizing Browser....
  2022-07-16 21:15:54 INFO  BaseClass:56 - Opening Application URL....
  2022-07-16 21:16:01 INFO  BaseClass:76 - Closing Browser....
  2022-07-16 21:16:02 INFO  BaseClass:42 - Lunching Chrome Browser....
  2022-07-16 21:16:02 INFO  BaseClass:51 - Maximizing Browser....
  2022-07-16 21:16:12 INFO  BaseClass:56 - Opening Application URL....
  2022-07-16 21:16:39 INFO  BaseClass:76 - Closing Browser....
  2022-07-16 21:16:40 INFO  BaseClass:42 - Lunching Chrome Browser....
  2022-07-16 21:16:40 INFO  BaseClass:51 - Maximizing Browser....
  2022-07-16 21:16:41 INFO  BaseClass:56 - Opening Application URL....
  2022-07-16 21:16:50 INFO  BaseClass:62 - Click on Add Friend....
  2022-07-16 21:16:53 INFO  BaseClass:76 - Closing Browser....
  2022-07-16 21:16:54 INFO  BaseClass:42 - Lunching Chrome Browser....
  2022-07-16 21:16:54 INFO  BaseClass:51 - Maximizing Browser....
  2022-07-16 21:16:56 INFO  BaseClass:56 - Opening Application URL....
  2022-07-16 21:17:04 INFO  BaseClass:69 - Click on Confirm Friend....
  2022-07-16 21:17:07 INFO  BaseClass:76 - Closing Browser....
  2022-07-16 21:18:38 INFO  BaseClass:42 - Lunching Chrome Browser....
  2022-07-16 21:18:39 INFO  BaseClass:51 - Maximizing Browser....
  2022-07-16 21:18:40 INFO  BaseClass:56 - Opening Application URL....
  2022-07-16 21:19:07 INFO  BaseClass:76 - Closing Browser....
  2022-07-16 21:20:29 INFO  BaseClass:42 - Lunching Chrome Browser....
  2022-07-16 21:20:29 INFO  BaseClass:51 - Maximizing Browser....
  2022-07-16 21:20:38 INFO  BaseClass:56 - Opening Application URL....
  2022-07-16 21:20:47 INFO  BaseClass:76 - Closing Browser....
  2022-07-16 21:25:06 INFO  BaseClass:42 - Lunching Chrome Browser....
  2022-07-16 21:25:06 INFO  BaseClass:51 - Maximizing Browser....
  2022-07-16 21:25:08 INFO  BaseClass:56 - Opening Application URL....
  2022-07-16 21:49:47 INFO  BaseClass:42 - Lunching Chrome Browser....
  2022-07-16 21:49:47 INFO  BaseClass:51 - Maximizing Browser....
  2022-07-16 21:49:57 INFO  BaseClass:56 - Opening Application URL....
  2022-07-16 21:54:29 INFO  BaseClass:42 - Lunching Chrome Browser....
  2022-07-16 21:54:30 INFO  BaseClass:51 - Maximizing Browser....
  2022-07-16 21:54:33 INFO  BaseClass:56 - Opening Application URL....
  2022-07-16 21:54:34 INFO  BaseClass:42 - Lunching Chrome Browser....
  2022-07-16 21:54:34 INFO  BaseClass:51 - Maximizing Browser....
  2022-07-16 21:54:36 INFO  BaseClass:56 - Opening Application URL....
  2022-07-16 21:56:31 INFO  BaseClass:42 - Lunching Chrome Browser....
  2022-07-16 21:56:31 INFO  BaseClass:51 - Maximizing Browser....
  2022-07-16 21:56:35 INFO  BaseClass:56 - Opening Application URL....
  2022-07-16 21:58:24 INFO  BaseClass:42 - Lunching Chrome Browser....
  2022-07-16 21:58:24 INFO  BaseClass:51 - Maximizing Browser....
  2022-07-16 21:58:26 INFO  BaseClass:56 - Opening Application URL....
  2022-07-16 22:00:47 INFO  BaseClass:42 - Lunching Chrome Browser....
  2022-07-16 22:00:48 INFO  BaseClass:51 - Maximizing Browser....
  2022-07-16 22:00:50 INFO  BaseClass:56 - Opening Application URL....
  2022-07-16 22:01:10 INFO  BaseClass:42 - Lunching Chrome Browser....
  2022-07-16 22:01:10 INFO  BaseClass:51 - Maximizing Browser....
  2022-07-16 22:01:12 INFO  BaseClass:56 - Opening Application URL....
  2022-07-16 22:02:41 INFO  BaseClass:42 - Lunching Chrome Browser....
  2022-07-16 22:02:41 INFO  BaseClass:51 - Maximizing Browser....
  2022-07-16 22:02:44 INFO  BaseClass:56 - Opening Application URL....
  2022-07-16 22:02:45 INFO  BaseClass:42 - Lunching Chrome Browser....
  2022-07-16 22:02:45 INFO  BaseClass:51 - Maximizing Browser....
  2022-07-16 22:02:47 INFO  BaseClass:56 - Opening Application URL....
  2022-07-16 22:02:48 INFO  BaseClass:42 - Lunching Chrome Browser....
  2022-07-16 22:02:48 INFO  BaseClass:51 - Maximizing Browser....
  2022-07-16 22:02:50 INFO  BaseClass:56 - Opening Application URL....
  2022-07-16 22:02:51 INFO  BaseClass:42 - Lunching Chrome Browser....
  2022-07-16 22:02:51 INFO  BaseClass:51 - Maximizing Browser....
  2022-07-16 22:02:53 INFO  BaseClass:56 - Opening Application URL....
  2022-07-16 22:02:53 INFO  BaseClass:37 - ************Login the Application**********************
  2022-07-16 22:02:53 INFO  BaseClass:38 - Open Home Page
  2022-07-16 22:02:53 INFO  BaseClass:43 - Opening Home Page
  2022-07-16 22:03:06 INFO  BaseClass:42 - Lunching Chrome Browser....
  2022-07-16 22:03:06 INFO  BaseClass:51 - Maximizing Browser....
  2022-07-16 22:03:08 INFO  BaseClass:56 - Opening Application URL....
  2022-07-16 22:03:08 INFO  BaseClass:37 - ************Login the Application**********************
  2022-07-16 22:03:08 INFO  BaseClass:38 - Open Home Page
  2022-07-16 22:03:23 INFO  BaseClass:42 - Lunching Chrome Browser....
  2022-07-16 22:03:23 INFO  BaseClass:51 - Maximizing Browser....
  2022-07-16 22:03:25 INFO  BaseClass:56 - Opening Application URL....
  2022-07-16 22:03:25 INFO  BaseClass:37 - ************Login the Application**********************
  2022-07-16 22:03:25 INFO  BaseClass:38 - Open Home Page
  2022-07-16 22:03:35 INFO  BaseClass:42 - Lunching Chrome Browser....
  2022-07-16 22:03:35 INFO  BaseClass:51 - Maximizing Browser....
  2022-07-16 22:03:41 INFO  BaseClass:56 - Opening Application URL....
  2022-07-16 22:03:41 INFO  BaseClass:37 - ************Login the Application**********************
  2022-07-16 22:03:41 INFO  BaseClass:38 - Open Home Page
  2022-07-16 22:03:52 INFO  BaseClass:42 - Lunching Chrome Browser....
  2022-07-16 22:03:52 INFO  BaseClass:51 - Maximizing Browser....
  2022-07-16 22:03:54 INFO  BaseClass:56 - Opening Application URL....
  2022-07-16 22:03:54 INFO  BaseClass:37 - ************Login the Application**********************
  2022-07-16 22:03:54 INFO  BaseClass:38 - Open Home Page
  2022-07-16 22:04:08 INFO  BaseClass:42 - Lunching Chrome Browser....
  2022-07-16 22:04:08 INFO  BaseClass:51 - Maximizing Browser....
  2022-07-16 22:04:11 INFO  BaseClass:56 - Opening Application URL....
  2022-07-16 22:04:11 INFO  BaseClass:37 - ************Login the Application**********************
  2022-07-16 22:04:11 INFO  BaseClass:38 - Open Home Page
  2022-07-16 22:04:26 INFO  BaseClass:42 - Lunching Chrome Browser....
  2022-07-16 22:04:26 INFO  BaseClass:51 - Maximizing Browser....
  2022-07-16 22:04:28 INFO  BaseClass:56 - Opening Application URL....
  2022-07-16 22:04:28 INFO  BaseClass:37 - ************Login the Application**********************
  2022-07-16 22:04:28 INFO  BaseClass:38 - Open Home Page
  2022-07-16 22:04:45 INFO  BaseClass:42 - Lunching Chrome Browser....
  2022-07-16 22:04:45 INFO  BaseClass:51 - Maximizing Browser....
  2022-07-16 22:04:55 INFO  BaseClass:56 - Opening Application URL....
  2022-07-16 22:04:56 INFO  BaseClass:37 - ************Login the Application**********************
  2022-07-16 22:04:56 INFO  BaseClass:38 - Open Home Page
  2022-07-16 22:05:06 INFO  BaseClass:42 - Lunching Chrome Browser....
  2022-07-16 22:05:07 INFO  BaseClass:51 - Maximizing Browser....
  2022-07-16 22:05:09 INFO  BaseClass:56 - Opening Application URL....
  2022-07-16 22:05:18 INFO  BaseClass:43 - Clicked on profile Page..
  2022-07-16 22:05:18 INFO  BaseClass:64 - Closing Browser....
  2022-07-16 22:05:19 INFO  BaseClass:42 - Lunching Chrome Browser....
  2022-07-16 22:05:19 INFO  BaseClass:51 - Maximizing Browser....
  2022-07-16 22:05:21 INFO  BaseClass:56 - Opening Application URL....
  2022-07-16 22:05:27 INFO  BaseClass:49 - Verify Profile Page
  2022-07-16 22:05:27 INFO  BaseClass:64 - Closing Browser....
  2022-07-16 22:05:28 INFO  BaseClass:42 - Lunching Chrome Browser....
  2022-07-16 22:05:28 INFO  BaseClass:51 - Maximizing Browser....
  2022-07-16 22:05:30 INFO  BaseClass:56 - Opening Application URL....
  2022-07-16 22:05:50 INFO  BaseClass:55 - Click on Upload Photo
  2022-07-16 22:05:53 INFO  BaseClass:64 - Closing Browser....
  2022-07-16 22:05:54 INFO  BaseClass:42 - Lunching Chrome Browser....
  2022-07-16 22:05:54 INFO  BaseClass:51 - Maximizing Browser....
  2022-07-16 22:06:09 INFO  BaseClass:56 - Opening Application URL....
  2022-07-16 22:06:20 INFO  BaseClass:76 - Closing Browser....
  2022-07-16 22:06:20 INFO  BaseClass:42 - Lunching Chrome Browser....
  2022-07-16 22:06:20 INFO  BaseClass:51 - Maximizing Browser....
  2022-07-16 22:06:22 INFO  BaseClass:56 - Opening Application URL....
  2022-07-16 22:06:30 INFO  BaseClass:76 - Closing Browser....
  2022-07-16 22:06:31 INFO  BaseClass:42 - Lunching Chrome Browser....
  2022-07-16 22:06:31 INFO  BaseClass:51 - Maximizing Browser....
  2022-07-16 22:06:33 INFO  BaseClass:56 - Opening Application URL....
  2022-07-16 22:06:41 INFO  BaseClass:76 - Closing Browser....
  2022-07-16 22:06:42 INFO  BaseClass:42 - Lunching Chrome Browser....
  2022-07-16 22:06:42 INFO  BaseClass:51 - Maximizing Browser....
  2022-07-16 22:06:44 INFO  BaseClass:56 - Opening Application URL....
  2022-07-16 22:06:54 INFO  BaseClass:76 - Closing Browser....
  2022-07-16 22:06:55 INFO  BaseClass:42 - Lunching Chrome Browser....
  2022-07-16 22:06:55 INFO  BaseClass:51 - Maximizing Browser....
  2022-07-16 22:06:57 INFO  BaseClass:56 - Opening Application URL....
  2022-07-16 22:07:08 INFO  BaseClass:76 - Closing Browser....
  2022-07-16 22:07:08 INFO  BaseClass:42 - Lunching Chrome Browser....
  2022-07-16 22:07:09 INFO  BaseClass:51 - Maximizing Browser....
  2022-07-16 22:07:17 INFO  BaseClass:56 - Opening Application URL....
  2022-07-16 22:07:42 INFO  BaseClass:62 - Click on Add Friend....
  2022-07-16 22:07:45 INFO  BaseClass:76 - Closing Browser....
  2022-07-16 22:07:46 INFO  BaseClass:42 - Lunching Chrome Browser....
  2022-07-16 22:07:46 INFO  BaseClass:51 - Maximizing Browser....
  2022-07-16 22:07:49 INFO  BaseClass:56 - Opening Application URL....
  2022-07-16 22:08:05 INFO  BaseClass:69 - Click on Confirm Friend....
  2022-07-16 22:08:09 INFO  BaseClass:76 - Closing Browser....
  2022-07-16 22:08:10 INFO  BaseClass:42 - Lunching Chrome Browser....
  2022-07-16 22:08:10 INFO  BaseClass:51 - Maximizing Browser....
  2022-07-16 22:08:13 INFO  BaseClass:56 - Opening Application URL....
  2022-07-16 22:08:14 INFO  BaseClass:42 - Lunching Chrome Browser....
  2022-07-16 22:08:14 INFO  BaseClass:51 - Maximizing Browser....
  2022-07-16 22:08:16 INFO  BaseClass:56 - Opening Application URL....
  